[ 2016-01-07T08:43:31+08:00 ] ::1 /maker/index.php/index_v1.html?v=4.0
ERR: 无法加载模块:Index_v1

[ 2016-01-07T08:43:31+08:00 ] ::1 /maker/index.php/favicon.ico
ERR: 无法加载模块:Favicon

[ 2016-01-07T18:30:29+08:00 ] ::1 /maker/index.php/index_v1.html?v=4.0
ERR: 无法加载模块:Index_v1

[ 2016-01-07T18:32:19+08:00 ] ::1 /maker/index.php/index_v1.html?v=4.0
ERR: 无法加载模块:Index_v1

[ 2016-01-07T18:33:01+08:00 ] ::1 /maker/index.php/index_v1.html?v=4.0
ERR: 无法加载模块:Index_v1

[ 2016-01-07T18:33:55+08:00 ] ::1 /maker/index.php/index_v1.html?v=4.0
ERR: 无法加载模块:Index_v1

[ 2016-01-07T19:09:36+08:00 ] ::1 /maker/index.php/index_v1.html?v=4.0
ERR: 无法加载模块:Index_v1

[ 2016-01-07T20:09:10+08:00 ] ::1 /maker/index.php/index_v1.html?v=4.0
ERR: 无法加载模块:Index_v1

[ 2016-01-07T20:11:48+08:00 ] ::1 /maker/index.php/favicon.ico
ERR: 无法加载模块:Favicon

[ 2016-01-07T20:14:02+08:00 ] ::1 /maker/index.php/index_v1.html?v=4.0
ERR: 无法加载模块:Index_v1

[ 2016-01-07T20:53:42+08:00 ] ::1 /maker/index.php/index_v1.html?v=4.0
ERR: 无法加载模块:Index_v1

[ 2016-01-07T21:22:31+08:00 ] ::1 /maker/index.php/index_v1.html?v=4.0
ERR: 无法加载模块:Index_v1

[ 2016-01-07T23:25:32+08:00 ] ::1 /maker/index.php/index_v1.html?v=4.0
ERR: 无法加载模块:Index_v1

[ 2016-01-07T23:25:33+08:00 ] ::1 /maker/index.php/favicon.ico
ERR: 无法加载模块:Favicon

[ 2016-01-07T23:30:55+08:00 ] ::1 /maker/index.php/index_v1.html?v=4.0
ERR: 无法加载模块:Index_v1

[ 2016-01-07T23:58:09+08:00 ] ::1 /maker/index.php/Index/test
ERR: 无法加载模块:Index

[ 2016-01-07T23:58:26+08:00 ] ::1 /maker/index.php/test
ERR: 无法加载模块:Test

