[ 2016-03-20T01:04:24+08:00 ] ::1 /jankzmaker/index.php/Admin/Article/class.html?v=4.0
ERR: 非法操作:class

[ 2016-03-20T01:54:12+08:00 ] ::1 /jankzmaker/index.php/Admin/Login/index.html
ERR: Think\Controller:addPageItem方法不存在！

[ 2016-03-20T01:57:46+08:00 ] ::1 /jankzmaker/index.php/Admin/Login/index.html
ERR: Think\Controller:addPageItem方法不存在！

[ 2016-03-20T01:59:22+08:00 ] ::1 /jankzmaker/index.php/Admin/Index/info.html
ERR: 非法操作:info

[ 2016-03-20T01:59:42+08:00 ] ::1 /jankzmaker/index.php/Admin/Index/removeRuntime
INFO: [ app_begin ] --START--
INFO: Run Behavior\ReadHtmlCacheBehavior [ RunTime:0.001088s ]
INFO: [ app_begin ] --END-- [ RunTime:0.001989s ]
NOTIC: [8192] mysql_connect(): The mysql extension is deprecated and will be removed in the future: use mysqli or PDO instead /Users/jankz/htdocs/jankzmaker/ThinkPHP/Library/Think/Session/Driver/Db.class.php 第 95 行.

[ 2016-03-20T02:02:13+08:00 ] ::1 /jankzmaker/index.php/Admin/Index/info.html
ERR: 非法操作:info

[ 2016-03-20T02:02:19+08:00 ] ::1 /jankzmaker/index.php/Admin/Index/removeRuntime
INFO: [ app_begin ] --START--
INFO: Run Behavior\ReadHtmlCacheBehavior [ RunTime:0.000220s ]
INFO: [ app_begin ] --END-- [ RunTime:0.000389s ]
NOTIC: [8192] mysql_connect(): The mysql extension is deprecated and will be removed in the future: use mysqli or PDO instead /Users/jankz/htdocs/jankzmaker/ThinkPHP/Library/Think/Session/Driver/Db.class.php 第 95 行.

[ 2016-03-20T02:03:45+08:00 ] ::1 /jankzmaker/index.php/Admin/Index/info.html
ERR: 非法操作:info

[ 2016-03-20T02:04:24+08:00 ] ::1 /jankzmaker/index.php/Admin/Index/info.html
ERR: 非法操作:info

[ 2016-03-20T02:04:29+08:00 ] ::1 /jankzmaker/index.php/Admin/Index/removeRuntime
INFO: [ app_begin ] --START--
INFO: Run Behavior\ReadHtmlCacheBehavior [ RunTime:0.000398s ]
INFO: [ app_begin ] --END-- [ RunTime:0.000733s ]
NOTIC: [8192] mysql_connect(): The mysql extension is deprecated and will be removed in the future: use mysqli or PDO instead /Users/jankz/htdocs/jankzmaker/ThinkPHP/Library/Think/Session/Driver/Db.class.php 第 95 行.

[ 2016-03-20T02:05:39+08:00 ] ::1 /jankzmaker/index.php/Admin/Index/info.html
ERR: 非法操作:info

[ 2016-03-20T02:05:42+08:00 ] ::1 /jankzmaker/index.php/Admin/Index/removeRuntime
INFO: [ app_begin ] --START--
INFO: Run Behavior\ReadHtmlCacheBehavior [ RunTime:0.000265s ]
INFO: [ app_begin ] --END-- [ RunTime:0.000559s ]
NOTIC: [8192] mysql_connect(): The mysql extension is deprecated and will be removed in the future: use mysqli or PDO instead /Users/jankz/htdocs/jankzmaker/ThinkPHP/Library/Think/Session/Driver/Db.class.php 第 95 行.

[ 2016-03-20T02:07:06+08:00 ] ::1 /jankzmaker/index.php/Admin/Index/info.html
ERR: 非法操作:info

[ 2016-03-20T02:07:58+08:00 ] ::1 /jankzmaker/index.php/Admin/Index/info.html
ERR: 非法操作:info

[ 2016-03-20T02:08:30+08:00 ] ::1 /jankzmaker/index.php/Admin/Index/info.html
ERR: 非法操作:info

[ 2016-03-20T02:09:02+08:00 ] ::1 /jankzmaker/index.php/Admin/Index/info.html
ERR: 非法操作:info

[ 2016-03-20T02:09:15+08:00 ] ::1 /jankzmaker/index.php/Admin/Index/info.html
ERR: 非法操作:info

[ 2016-03-20T02:09:24+08:00 ] ::1 /jankzmaker/index.php/Admin/Index/info.html
ERR: 非法操作:info

[ 2016-03-20T02:09:36+08:00 ] ::1 /jankzmaker/index.php/Admin/Index/info.html
ERR: 非法操作:info

[ 2016-03-20T02:09:43+08:00 ] ::1 /jankzmaker/index.php/Admin/Tool/index.html?v=4.0
ERR: 无法加载控制器:Tool

[ 2016-03-20T02:11:48+08:00 ] ::1 /jankzmaker/index.php/Admin/Index/info.html
ERR: 非法操作:info

[ 2016-03-20T02:11:59+08:00 ] ::1 /jankzmaker/index.php/Admin/Tool/index.html?v=4.0
ERR: 无法加载控制器:Tool

[ 2016-03-20T02:12:43+08:00 ] ::1 /jankzmaker/index.php/Admin/Index/info.html
ERR: 非法操作:info

[ 2016-03-20T02:13:20+08:00 ] ::1 /jankzmaker/index.php/Admin/Index/info.html
ERR: 非法操作:info

[ 2016-03-20T02:13:43+08:00 ] ::1 /jankzmaker/index.php/Admin/Index/info.html
ERR: 非法操作:info

[ 2016-03-20T02:13:47+08:00 ] ::1 /jankzmaker/index.php/Admin/Tools/mailbox.html?v=4.0
ERR: 无法加载控制器:Tools

[ 2016-03-20T02:15:04+08:00 ] ::1 /jankzmaker/index.php/Admin/Index/info.html
ERR: 非法操作:info

[ 2016-03-20T02:18:58+08:00 ] ::1 /jankzmaker/index.php/Admin/Index/info.html
ERR: 非法操作:info

[ 2016-03-20T02:21:04+08:00 ] ::1 /jankzmaker/index.php/Admin/Index/info.html
ERR: 非法操作:info

[ 2016-03-20T02:21:27+08:00 ] ::1 /jankzmaker/index.php/Admin/Index/info.html
ERR: 非法操作:info

[ 2016-03-20T02:23:47+08:00 ] ::1 /jankzmaker/index.php/Admin/Index/info.html
ERR: 非法操作:info

[ 2016-03-20T02:25:05+08:00 ] ::1 /jankzmaker/index.php/Admin/Index/info.html
ERR: 非法操作:info

[ 2016-03-20T02:25:48+08:00 ] ::1 /jankzmaker/index.php/Admin/Index/info.html
ERR: 非法操作:info

[ 2016-03-20T02:26:01+08:00 ] ::1 /jankzmaker/index.php/Admin/Index/info.html
ERR: 非法操作:info

[ 2016-03-20T02:30:06+08:00 ] ::1 /jankzmaker/index.php/Admin/Tool/index.html?v=4.0
ERR: 无法加载控制器:Tool

[ 2016-03-20T02:34:58+08:00 ] ::1 /jankzmaker/index.php/Admin/Index/info.html
ERR: 非法操作:info

[ 2016-03-20T02:35:16+08:00 ] ::1 /jankzmaker/index.php/Admin/Index/info.html
ERR: 非法操作:info

[ 2016-03-20T02:36:40+08:00 ] ::1 /jankzmaker/index.php/Admin/Index/User.html
ERR: 非法操作:User

[ 2016-03-20T02:37:43+08:00 ] ::1 /jankzmaker/index.php/Admin/Tool/index.html?v=4.0
ERR: 无法加载控制器:Tool

[ 2016-03-20T02:37:46+08:00 ] ::1 /jankzmaker/index.php/Admin/Tools/mailbox.html?v=4.0
ERR: 无法加载控制器:Tools

[ 2016-03-20T02:41:59+08:00 ] ::1 /jankzmaker/index.php/Admin/Tools/mailbox.html?v=4.0
ERR: 无法加载控制器:Tools

[ 2016-03-20T02:42:03+08:00 ] ::1 /jankzmaker/index.php/Admin/Feedback/index.html?v=4.0
ERR: 无法加载控制器:Feedback

[ 2016-03-20T03:02:05+08:00 ] ::1 /jankzmaker/index.php/Admin/Tool/index.html?v=4.0
ERR: 无法加载控制器:Tool

