[ 2016-01-07T08:44:34+08:00 ] ::1 /maker/index.php/Admin/Auth/index.html?v=4.0
ERR: 无法加载控制器:Auth

[ 2016-01-07T08:44:35+08:00 ] ::1 /maker/index.php/Admin/Auth/group.html?v=4.0
ERR: 无法加载控制器:Auth

[ 2016-01-07T08:44:36+08:00 ] ::1 /maker/index.php/Admin/Auth/manager.html?v=4.0
ERR: 无法加载控制器:Auth

[ 2016-01-07T08:44:38+08:00 ] ::1 /maker/index.php/Admin/Article/index.html?v=4.0
ERR: 无法加载控制器:Article

[ 2016-01-07T08:44:39+08:00 ] ::1 /maker/index.php/Admin/Article/class.html?v=4.0
ERR: 无法加载控制器:Article

[ 2016-01-07T17:23:51+08:00 ] ::1 /maker/index.php/Admin/Article/index.html?v=4.0
ERR: 无法加载控制器:Article

[ 2016-01-07T18:32:23+08:00 ] ::1 /maker/index.php/Admin/System/addmenu.html?v=4.0
ERR: Think\Controller:setTitle方法不存在！

[ 2016-01-07T18:33:04+08:00 ] ::1 /maker/index.php/Admin/System/addmenu.html?v=4.0
ERR: Think\Controller:addFormItems方法不存在！

[ 2016-01-07T18:33:57+08:00 ] ::1 /maker/index.php/Admin/System/addmenu.html?v=4.0
ERR: 模板不存在:./Apps/Admin/View/System/addmenu.html

[ 2016-01-07T18:38:14+08:00 ] ::1 /maker/index.php/Admin/System/addmenu
ERR: 模板不存在:./Apps/Admin/View/System/addmenu.html

[ 2016-01-07T18:40:16+08:00 ] ::1 /maker/index.php/Admin/System/addmenu
ERR: 模板不存在:./Apps/Admin/View/System/addmenu.html

[ 2016-01-07T18:43:03+08:00 ] ::1 /maker/index.php/Admin/System/addmenu
ERR: 模板不存在:./Apps/Admin/View/System/addmenu.html

[ 2016-01-07T18:44:50+08:00 ] ::1 /maker/index.php/Admin/System/addmenu
ERR: 模板不存在:./Apps/Admin/View/System/addmenu.html

[ 2016-01-07T18:45:03+08:00 ] ::1 /maker/index.php/Admin/System/addmenu
ERR: 模板不存在:./Apps/Admin/View/System/addmenu.html

[ 2016-01-07T18:45:05+08:00 ] ::1 /maker/index.php/Admin/System/addmenu
ERR: 模板不存在:./Apps/Admin/View/System/addmenu.html

[ 2016-01-07T18:45:05+08:00 ] ::1 /maker/index.php/Admin/System/addmenu
ERR: 模板不存在:./Apps/Admin/View/System/addmenu.html

[ 2016-01-07T20:10:45+08:00 ] ::1 /maker/index.php/Admin/Auth/index.html?v=4.0
ERR: 无法加载控制器:Auth

[ 2016-01-07T21:21:57+08:00 ] ::1 /maker/index.php/Admin/System/addmenu.html
INFO: [ app_begin ] --START--
INFO: Run Behavior\ReadHtmlCacheBehavior [ RunTime:0.000228s ]
INFO: [ app_begin ] --END-- [ RunTime:0.000404s ]
SQL: SHOW COLUMNS FROM `hsc_system` [ RunTime:0.0006s ]
NOTIC: [8] Undefined index: validate /Users/jankz/htdocs/maker/ThinkPHP/Library/Think/Model.class.php 第 1185 行.

[ 2016-01-07T21:25:27+08:00 ] ::1 /maker/index.php/Admin/System/menulist
ERR: Think\Controller:setLayout方法不存在！

[ 2016-01-07T22:27:26+08:00 ] ::1 /maker/index.php/Admin/System/menulist
ERR: Think\Controller:addRTopBtn方法不存在！

[ 2016-01-07T22:28:05+08:00 ] ::1 /maker/index.php/Admin/System/menulist
ERR: Think\Controller:addTopBtn方法不存在！

[ 2016-01-07T23:30:48+08:00 ] ::1 /maker/index.php/Admin/System/addmenu.html
INFO: [ app_begin ] --START--
INFO: Run Behavior\ReadHtmlCacheBehavior [ RunTime:0.000462s ]
INFO: [ app_begin ] --END-- [ RunTime:0.000691s ]
SQL: SHOW COLUMNS FROM `hsc_system` [ RunTime:0.0004s ]
NOTIC: [8] Undefined index: validate /Users/jankz/htdocs/maker/ThinkPHP/Library/Think/Model.class.php 第 1185 行.
NOTIC: [8] Undefined index: auto /Users/jankz/htdocs/maker/ThinkPHP/Library/Think/Model.class.php 第 1128 行.
SQL: INSERT INTO `hsc_system` (`title`,`sort`,`url`,`icon`,`pid`,`status`,`c_time`,`u_time`) VALUES ('菜单列表','2','Admin/System/menulist','fa-tasks','1','1','1452180648','1452180648') [ RunTime:0.0017s ]

