[ 2016-01-09T00:27:46+08:00 ] ::1 /maker/index.php/Admin/Auth/manager.html?v=4.0
ERR: 非法操作:manager

[ 2016-01-09T01:21:20+08:00 ] ::1 /maker/index.php/Admin/Group/index.html?v=4.0
ERR: 非法操作:index

[ 2016-01-09T01:37:58+08:00 ] ::1 /maker/index.php/Admin/Manager/add.html
INFO: [ app_begin ] --START--
INFO: Run Behavior\ReadHtmlCacheBehavior [ RunTime:0.000223s ]
INFO: [ app_begin ] --END-- [ RunTime:0.000396s ]
SQL: SHOW COLUMNS FROM `hsc_manager` [ RunTime:0.0005s ]
NOTIC: [8] Undefined index: validate /Users/jankz/htdocs/maker/ThinkPHP/Library/Think/Model.class.php 第 1185 行.
SQL: SELECT * FROM `hsc_manager` WHERE `username` = '' LIMIT 1   [ RunTime:0.0003s ]

[ 2016-01-09T01:39:03+08:00 ] ::1 /maker/index.php/Admin/Manager/add.html
INFO: [ app_begin ] --START--
INFO: Run Behavior\ReadHtmlCacheBehavior [ RunTime:0.000241s ]
INFO: [ app_begin ] --END-- [ RunTime:0.000432s ]
SQL: SHOW COLUMNS FROM `hsc_manager` [ RunTime:0.0004s ]
NOTIC: [8] Undefined index: validate /Users/jankz/htdocs/maker/ThinkPHP/Library/Think/Model.class.php 第 1185 行.
SQL: SELECT * FROM `hsc_manager` WHERE `username` = '' LIMIT 1   [ RunTime:0.0002s ]

[ 2016-01-09T01:39:40+08:00 ] ::1 /maker/index.php/Admin/Manager/add.html
INFO: [ app_begin ] --START--
INFO: Run Behavior\ReadHtmlCacheBehavior [ RunTime:0.000388s ]
INFO: [ app_begin ] --END-- [ RunTime:0.000571s ]
SQL: SHOW COLUMNS FROM `hsc_manager` [ RunTime:0.0005s ]
NOTIC: [8] Undefined index: validate /Users/jankz/htdocs/maker/ThinkPHP/Library/Think/Model.class.php 第 1185 行.
SQL: SELECT * FROM `hsc_manager` WHERE `username` = '' LIMIT 1   [ RunTime:0.0002s ]

[ 2016-01-09T02:34:33+08:00 ] ::1 /maker/index.php/Admin/System/add.html
ERR: 非法操作:add

[ 2016-01-09T07:28:54+08:00 ] ::1 /maker/index.php/Admin/System/menulist
ERR: SQLSTATE[HY000] [2002] Connection refused

[ 2016-01-09T08:53:47+08:00 ] ::1 /maker/index.php/Admin/System/addmenu.html
INFO: [ app_begin ] --START--
INFO: Run Behavior\ReadHtmlCacheBehavior [ RunTime:0.000249s ]
INFO: [ app_begin ] --END-- [ RunTime:0.000474s ]
SQL: SHOW COLUMNS FROM `hsc_system` [ RunTime:0.0004s ]
NOTIC: [8] Undefined index: validate /Users/jankz/htdocs/maker/ThinkPHP/Library/Think/Model.class.php 第 1185 行.

[ 2016-01-09T08:53:52+08:00 ] ::1 /maker/index.php/Admin/System/addmenu.html
INFO: [ app_begin ] --START--
INFO: Run Behavior\ReadHtmlCacheBehavior [ RunTime:0.000236s ]
INFO: [ app_begin ] --END-- [ RunTime:0.000422s ]
SQL: SHOW COLUMNS FROM `hsc_system` [ RunTime:0.0004s ]
NOTIC: [8] Undefined index: validate /Users/jankz/htdocs/maker/ThinkPHP/Library/Think/Model.class.php 第 1185 行.

[ 2016-01-09T08:54:06+08:00 ] ::1 /maker/index.php/Admin/System/addmenu.html
INFO: [ app_begin ] --START--
INFO: Run Behavior\ReadHtmlCacheBehavior [ RunTime:0.001014s ]
INFO: [ app_begin ] --END-- [ RunTime:0.001843s ]
SQL: SHOW COLUMNS FROM `hsc_system` [ RunTime:0.0007s ]
NOTIC: [8] Undefined index: validate /Users/jankz/htdocs/maker/ThinkPHP/Library/Think/Model.class.php 第 1185 行.

[ 2016-01-09T08:55:03+08:00 ] ::1 /maker/index.php/Admin/System/addmenu.html
INFO: [ app_begin ] --START--
INFO: Run Behavior\ReadHtmlCacheBehavior [ RunTime:0.000230s ]
INFO: [ app_begin ] --END-- [ RunTime:0.000422s ]
SQL: SHOW COLUMNS FROM `hsc_system` [ RunTime:0.0004s ]
NOTIC: [8] Undefined index: validate /Users/jankz/htdocs/maker/ThinkPHP/Library/Think/Model.class.php 第 1185 行.

[ 2016-01-09T08:55:28+08:00 ] ::1 /maker/index.php/Admin/System/addmenu.html
INFO: [ app_begin ] --START--
INFO: Run Behavior\ReadHtmlCacheBehavior [ RunTime:0.000262s ]
INFO: [ app_begin ] --END-- [ RunTime:0.000485s ]
SQL: SHOW COLUMNS FROM `hsc_system` [ RunTime:0.0004s ]
NOTIC: [8] Undefined index: validate /Users/jankz/htdocs/maker/ThinkPHP/Library/Think/Model.class.php 第 1185 行.

[ 2016-01-09T08:56:41+08:00 ] ::1 /maker/index.php/Admin/System/addmenu.html
INFO: [ app_begin ] --START--
INFO: Run Behavior\ReadHtmlCacheBehavior [ RunTime:0.000230s ]
INFO: [ app_begin ] --END-- [ RunTime:0.000408s ]
SQL: SHOW COLUMNS FROM `hsc_system` [ RunTime:0.0004s ]
NOTIC: [8] Undefined index: validate /Users/jankz/htdocs/maker/ThinkPHP/Library/Think/Model.class.php 第 1185 行.

[ 2016-01-09T09:43:24+08:00 ] ::1 /maker/index.php/Admin/Group/add.html
INFO: [ app_begin ] --START--
INFO: Run Behavior\ReadHtmlCacheBehavior [ RunTime:0.000227s ]
INFO: [ app_begin ] --END-- [ RunTime:0.000398s ]
ERR: 1146:Table 'hsc.hsc_group' doesn't exist
 [ SQL语句 ] : SHOW COLUMNS FROM `hsc_group`
ERR: 1146:Table 'hsc.hsc_group' doesn't exist
 [ SQL语句 ] : SHOW COLUMNS FROM `hsc_group`

[ 2016-01-09T09:45:25+08:00 ] ::1 /maker/index.php/Admin/Group/add.html
INFO: [ app_begin ] --START--
INFO: Run Behavior\ReadHtmlCacheBehavior [ RunTime:0.000253s ]
INFO: [ app_begin ] --END-- [ RunTime:0.000496s ]
ERR: 1146:Table 'hsc.hsc_group' doesn't exist
 [ SQL语句 ] : SHOW COLUMNS FROM `hsc_group`
ERR: 1146:Table 'hsc.hsc_group' doesn't exist
 [ SQL语句 ] : SHOW COLUMNS FROM `hsc_group`

[ 2016-01-09T09:45:52+08:00 ] ::1 /maker/index.php/Admin/Group/add.html
INFO: [ app_begin ] --START--
INFO: Run Behavior\ReadHtmlCacheBehavior [ RunTime:0.000226s ]
INFO: [ app_begin ] --END-- [ RunTime:0.000409s ]
ERR: 1146:Table 'hsc.hsc_group' doesn't exist
 [ SQL语句 ] : SHOW COLUMNS FROM `hsc_group`
ERR: 1146:Table 'hsc.hsc_group' doesn't exist
 [ SQL语句 ] : SHOW COLUMNS FROM `hsc_group`

[ 2016-01-09T09:47:08+08:00 ] ::1 /maker/index.php/Admin/Group/add.html
INFO: [ app_begin ] --START--
INFO: Run Behavior\ReadHtmlCacheBehavior [ RunTime:0.000222s ]
INFO: [ app_begin ] --END-- [ RunTime:0.000394s ]
SQL: SHOW COLUMNS FROM `hsc_auth_group` [ RunTime:0.0005s ]
NOTIC: [8] Undefined index: validate /Users/jankz/htdocs/maker/ThinkPHP/Library/Think/Model.class.php 第 1185 行.
NOTIC: [8] Undefined index: auto /Users/jankz/htdocs/maker/ThinkPHP/Library/Think/Model.class.php 第 1128 行.

[ 2016-01-09T09:49:21+08:00 ] ::1 /maker/index.php/Admin/System/addmenu.html
INFO: [ app_begin ] --START--
INFO: Run Behavior\ReadHtmlCacheBehavior [ RunTime:0.000253s ]
INFO: [ app_begin ] --END-- [ RunTime:0.000459s ]
SQL: SHOW COLUMNS FROM `hsc_system` [ RunTime:0.0015s ]
NOTIC: [8] Undefined index: validate /Users/jankz/htdocs/maker/ThinkPHP/Library/Think/Model.class.php 第 1185 行.
NOTIC: [8] Undefined index: auto /Users/jankz/htdocs/maker/ThinkPHP/Library/Think/Model.class.php 第 1128 行.
SQL: INSERT INTO `hsc_system` (`title`,`sort`,`url`,`icon`,`pid`,`status`,`c_time`,`u_time`) VALUES ('多媒体','1','','fa-ban','0','1','1452304161','1452304161') [ RunTime:0.0018s ]

[ 2016-01-09T09:56:54+08:00 ] ::1 /maker/index.php/Admin/Group/add.html
INFO: [ app_begin ] --START--
INFO: Run Behavior\ReadHtmlCacheBehavior [ RunTime:0.000213s ]
INFO: [ app_begin ] --END-- [ RunTime:0.000374s ]
SQL: SHOW COLUMNS FROM `hsc_auth_group` [ RunTime:0.0004s ]
NOTIC: [8] Undefined index: validate /Users/jankz/htdocs/maker/ThinkPHP/Library/Think/Model.class.php 第 1185 行.
NOTIC: [8] Undefined index: auto /Users/jankz/htdocs/maker/ThinkPHP/Library/Think/Model.class.php 第 1128 行.

[ 2016-01-09T10:02:46+08:00 ] ::1 /maker/index.php/Admin/Group/add.html
INFO: [ app_begin ] --START--
INFO: Run Behavior\ReadHtmlCacheBehavior [ RunTime:0.000247s ]
INFO: [ app_begin ] --END-- [ RunTime:0.000445s ]
SQL: SHOW COLUMNS FROM `hsc_auth_group` [ RunTime:0.0012s ]
NOTIC: [8] Undefined index: validate /Users/jankz/htdocs/maker/ThinkPHP/Library/Think/Model.class.php 第 1185 行.
NOTIC: [8] Undefined index: auto /Users/jankz/htdocs/maker/ThinkPHP/Library/Think/Model.class.php 第 1128 行.

[ 2016-01-09T10:04:53+08:00 ] ::1 /maker/index.php/Admin/Group/add.html
INFO: [ app_begin ] --START--
INFO: Run Behavior\ReadHtmlCacheBehavior [ RunTime:0.000285s ]
INFO: [ app_begin ] --END-- [ RunTime:0.000585s ]
SQL: SHOW COLUMNS FROM `hsc_auth_group` [ RunTime:0.0010s ]
NOTIC: [8] Undefined index: validate /Users/jankz/htdocs/maker/ThinkPHP/Library/Think/Model.class.php 第 1185 行.
NOTIC: [8] Undefined index: auto /Users/jankz/htdocs/maker/ThinkPHP/Library/Think/Model.class.php 第 1128 行.

[ 2016-01-09T10:06:16+08:00 ] ::1 /maker/index.php/Admin/Group/add.html
INFO: [ app_begin ] --START--
INFO: Run Behavior\ReadHtmlCacheBehavior [ RunTime:0.000233s ]
INFO: [ app_begin ] --END-- [ RunTime:0.000416s ]
SQL: SHOW COLUMNS FROM `hsc_auth_group` [ RunTime:0.0005s ]
NOTIC: [8] Undefined index: validate /Users/jankz/htdocs/maker/ThinkPHP/Library/Think/Model.class.php 第 1185 行.
NOTIC: [8] Undefined index: auto /Users/jankz/htdocs/maker/ThinkPHP/Library/Think/Model.class.php 第 1128 行.

[ 2016-01-09T10:06:20+08:00 ] ::1 /maker/index.php/Admin/Group/add.html
INFO: [ app_begin ] --START--
INFO: Run Behavior\ReadHtmlCacheBehavior [ RunTime:0.000223s ]
INFO: [ app_begin ] --END-- [ RunTime:0.000409s ]
SQL: SHOW COLUMNS FROM `hsc_auth_group` [ RunTime:0.0013s ]
NOTIC: [8] Undefined index: validate /Users/jankz/htdocs/maker/ThinkPHP/Library/Think/Model.class.php 第 1185 行.
NOTIC: [8] Undefined index: auto /Users/jankz/htdocs/maker/ThinkPHP/Library/Think/Model.class.php 第 1128 行.

[ 2016-01-09T10:10:42+08:00 ] ::1 /maker/index.php/Admin/Group/add.html
INFO: [ app_begin ] --START--
INFO: Run Behavior\ReadHtmlCacheBehavior [ RunTime:0.000233s ]
INFO: [ app_begin ] --END-- [ RunTime:0.000415s ]
SQL: SHOW COLUMNS FROM `hsc_auth_group` [ RunTime:0.0004s ]
NOTIC: [8] Undefined index: validate /Users/jankz/htdocs/maker/ThinkPHP/Library/Think/Model.class.php 第 1185 行.
NOTIC: [8] Undefined index: auto /Users/jankz/htdocs/maker/ThinkPHP/Library/Think/Model.class.php 第 1128 行.

[ 2016-01-09T10:13:19+08:00 ] ::1 /maker/index.php/Admin/Group/add.html
INFO: [ app_begin ] --START--
INFO: Run Behavior\ReadHtmlCacheBehavior [ RunTime:0.000283s ]
INFO: [ app_begin ] --END-- [ RunTime:0.000477s ]
SQL: SHOW COLUMNS FROM `hsc_auth_group` [ RunTime:0.0004s ]
NOTIC: [8] Undefined index: validate /Users/jankz/htdocs/maker/ThinkPHP/Library/Think/Model.class.php 第 1185 行.
NOTIC: [8] Undefined index: auto /Users/jankz/htdocs/maker/ThinkPHP/Library/Think/Model.class.php 第 1128 行.
SQL: INSERT INTO `hsc_auth_group` (`title`,`rules`) VALUES ('审核管理员','1,2,3,4,5') [ RunTime:0.0002s ]

[ 2016-01-09T10:17:34+08:00 ] ::1 /maker/index.php/Admin/Manager/add.html
INFO: [ app_begin ] --START--
INFO: Run Behavior\ReadHtmlCacheBehavior [ RunTime:0.000252s ]
INFO: [ app_begin ] --END-- [ RunTime:0.000487s ]
SQL: SHOW COLUMNS FROM `hsc_manager` [ RunTime:0.0005s ]
NOTIC: [8] Undefined index: validate /Users/jankz/htdocs/maker/ThinkPHP/Library/Think/Model.class.php 第 1185 行.
SQL: SELECT * FROM `hsc_manager` WHERE `username` = 'admin' LIMIT 1   [ RunTime:0.0003s ]
NOTIC: [8] Undefined index: auto /Users/jankz/htdocs/maker/ThinkPHP/Library/Think/Model.class.php 第 1128 行.
SQL: INSERT INTO `hsc_manager` (`username`,`password`,`email`,`level`,`status`,`c_time`) VALUES ('admin','apks2000','979890264@qq.com','9','1','1452305854') [ RunTime:0.0012s ]

